<?xml version="1.0" encoding="UTF-8"?>
<testng-results skipped="0" failed="0" ignored="0" total="1" passed="1">
  <reporter-output>
  </reporter-output>
  <suite name="Default suite" duration-ms="66120" started-at="2017-08-12T20:45:05Z" finished-at="2017-08-12T20:46:11Z">
    <groups>
    </groups>
    <test name="Default test" duration-ms="66120" started-at="2017-08-12T20:45:05Z" finished-at="2017-08-12T20:46:11Z">
      <class name="tests.utest">
        <test-method status="PASS" signature="home()[pri:0, instance:tests.utest@36d4b5c]" name="home" duration-ms="66054" started-at="2017-08-13T02:15:05Z" finished-at="2017-08-13T02:16:11Z">
          <reporter-output>
          </reporter-output>
        </test-method> <!-- home -->
      </class> <!-- tests.utest -->
    </test> <!-- Default test -->
  </suite> <!-- Default suite -->
</testng-results>
