<?xml version="1.0" encoding="UTF-8"?>
<testng-results skipped="0" failed="0" ignored="0" total="1" passed="1">
  <reporter-output>
  </reporter-output>
  <suite name="Suite" duration-ms="37501" started-at="2017-08-14T15:59:43Z" finished-at="2017-08-14T16:00:20Z">
    <groups>
    </groups>
    <test name="Test" duration-ms="37501" started-at="2017-08-14T15:59:43Z" finished-at="2017-08-14T16:00:20Z">
      <class name="testz.fbtest">
        <test-method status="PASS" signature="loginp()[pri:0, instance:testz.fbtest@5419f379]" name="loginp" duration-ms="37229" started-at="2017-08-14T21:29:43Z" finished-at="2017-08-14T21:30:20Z">
          <reporter-output>
          </reporter-output>
        </test-method> <!-- loginp -->
        <test-method status="PASS" signature="close()[pri:0, instance:testz.fbtest@5419f379]" name="close" is-config="true" duration-ms="218" started-at="2017-08-14T21:30:20Z" finished-at="2017-08-14T21:30:20Z">
          <reporter-output>
          </reporter-output>
        </test-method> <!-- close -->
      </class> <!-- testz.fbtest -->
    </test> <!-- Test -->
  </suite> <!-- Suite -->
</testng-results>
